<?xml version="1.0" encoding="UTF-8"?>
<coverage generated="1773994457566" clover="3.2.0">
  <project timestamp="1773994457566" name="All files">
    <metrics statements="25" coveredstatements="25" conditionals="9" coveredconditionals="8" methods="12" coveredmethods="12" elements="46" coveredelements="45" complexity="0" loc="25" ncloc="25" packages="1" files="1" classes="1"/>
    <file name="TodoList.tsx" path="C:\Users\ACER-2024\Downloads\Lab_10\task1\testing-app\src\components\TodoList.tsx">
      <metrics statements="25" coveredstatements="25" conditionals="9" coveredconditionals="8" methods="12" coveredmethods="12"/>
      <line num="1" count="1" type="stmt"/>
      <line num="13" count="1" type="cond" truecount="1" falsecount="0"/>
      <line num="14" count="48" type="stmt"/>
      <line num="15" count="48" type="stmt"/>
      <line num="18" count="48" type="stmt"/>
      <line num="19" count="4" type="cond" truecount="2" falsecount="0"/>
      <line num="20" count="3" type="stmt"/>
      <line num="26" count="3" type="stmt"/>
      <line num="27" count="3" type="stmt"/>
      <line num="32" count="48" type="stmt"/>
      <line num="33" count="1" type="stmt"/>
      <line num="34" count="1" type="cond" truecount="1" falsecount="1"/>
      <line num="37" count="1" type="stmt"/>
      <line num="41" count="48" type="stmt"/>
      <line num="42" count="1" type="stmt"/>
      <line num="43" count="1" type="stmt"/>
      <line num="46" count="48" type="stmt"/>
      <line num="47" count="36" type="cond" truecount="2" falsecount="0"/>
      <line num="48" count="1" type="stmt"/>
      <line num="53" count="48" type="stmt"/>
      <line num="55" count="48" type="stmt"/>
      <line num="64" count="35" type="stmt"/>
      <line num="81" count="7" type="stmt"/>
      <line num="90" count="1" type="stmt"/>
      <line num="97" count="1" type="stmt"/>
    </file>
  </project>
</coverage>
