{"C:\\Users\\ACER-2024\\Downloads\\Lab_10\\task1\\testing-app\\src\\components\\TodoList.tsx": {"path":"C:\\Users\\ACER-2024\\Downloads\\Lab_10\\task1\\testing-app\\src\\components\\TodoList.tsx","statementMap":{"0":{"start":{"line":13,"column":0},"end":{"line":13,"column":16}},"1":{"start":{"line":1,"column":0},"end":{"line":1,"column":33}},"2":{"start":{"line":14,"column":28},"end":{"line":14,"column":58}},"3":{"start":{"line":15,"column":32},"end":{"line":15,"column":44}},"4":{"start":{"line":18,"column":18},"end":{"line":29,"column":3}},"5":{"start":{"line":19,"column":4},"end":{"line":28,"column":5}},"6":{"start":{"line":20,"column":29},"end":{"line":24,"column":8}},"7":{"start":{"line":26,"column":6},"end":{"line":26,"column":37}},"8":{"start":{"line":27,"column":6},"end":{"line":27,"column":21}},"9":{"start":{"line":32,"column":21},"end":{"line":38,"column":3}},"10":{"start":{"line":33,"column":25},"end":{"line":34,"column":null}},"11":{"start":{"line":34,"column":6},"end":{"line":34,"column":69}},"12":{"start":{"line":37,"column":4},"end":{"line":37,"column":27}},"13":{"start":{"line":41,"column":21},"end":{"line":44,"column":3}},"14":{"start":{"line":42,"column":26},"end":{"line":42,"column":64}},"15":{"start":{"line":42,"column":49},"end":{"line":42,"column":63}},"16":{"start":{"line":43,"column":4},"end":{"line":43,"column":28}},"17":{"start":{"line":46,"column":24},"end":{"line":50,"column":3}},"18":{"start":{"line":47,"column":4},"end":{"line":49,"column":5}},"19":{"start":{"line":48,"column":6},"end":{"line":48,"column":16}},"20":{"start":{"line":53,"column":25},"end":{"line":53,"column":70}},"21":{"start":{"line":53,"column":48},"end":{"line":53,"column":62}},"22":{"start":{"line":55,"column":2},"end":{"line":110,"column":4}},"23":{"start":{"line":64,"column":31},"end":{"line":64,"column":61}},"24":{"start":{"line":81,"column":10},"end":{"line":82,"column":null}},"25":{"start":{"line":90,"column":30},"end":{"line":90,"column":49}},"26":{"start":{"line":97,"column":29},"end":{"line":97,"column":48}}},"fnMap":{"0":{"name":"TodoList","decl":{"start":{"line":13,"column":16},"end":{"line":13,"column":24}},"loc":{"start":{"line":13,"column":61},"end":{"line":111,"column":1}}},"1":{"name":"(anonymous_1)","decl":{"start":{"line":18,"column":18},"end":{"line":18,"column":21}},"loc":{"start":{"line":18,"column":23},"end":{"line":29,"column":3}}},"2":{"name":"(anonymous_2)","decl":{"start":{"line":32,"column":21},"end":{"line":32,"column":22}},"loc":{"start":{"line":32,"column":36},"end":{"line":38,"column":3}}},"3":{"name":"(anonymous_3)","decl":{"start":{"line":33,"column":35},"end":{"line":33,"column":36}},"loc":{"start":{"line":34,"column":6},"end":{"line":34,"column":69}}},"4":{"name":"(anonymous_4)","decl":{"start":{"line":41,"column":21},"end":{"line":41,"column":22}},"loc":{"start":{"line":41,"column":36},"end":{"line":44,"column":3}}},"5":{"name":"(anonymous_5)","decl":{"start":{"line":42,"column":39},"end":{"line":42,"column":40}},"loc":{"start":{"line":42,"column":49},"end":{"line":42,"column":63}}},"6":{"name":"(anonymous_6)","decl":{"start":{"line":46,"column":24},"end":{"line":46,"column":25}},"loc":{"start":{"line":46,"column":73},"end":{"line":50,"column":3}}},"7":{"name":"(anonymous_7)","decl":{"start":{"line":53,"column":38},"end":{"line":53,"column":39}},"loc":{"start":{"line":53,"column":48},"end":{"line":53,"column":62}}},"8":{"name":"(anonymous_8)","decl":{"start":{"line":64,"column":20},"end":{"line":64,"column":21}},"loc":{"start":{"line":64,"column":31},"end":{"line":64,"column":61}}},"9":{"name":"(anonymous_9)","decl":{"start":{"line":80,"column":19},"end":{"line":80,"column":20}},"loc":{"start":{"line":81,"column":10},"end":{"line":82,"column":null}}},"10":{"name":"(anonymous_10)","decl":{"start":{"line":90,"column":24},"end":{"line":90,"column":27}},"loc":{"start":{"line":90,"column":30},"end":{"line":90,"column":49}}},"11":{"name":"(anonymous_11)","decl":{"start":{"line":97,"column":23},"end":{"line":97,"column":26}},"loc":{"start":{"line":97,"column":29},"end":{"line":97,"column":48}}}},"branchMap":{"0":{"loc":{"start":{"line":13,"column":27},"end":{"line":13,"column":44}},"type":"default-arg","locations":[{"start":{"line":13,"column":42},"end":{"line":13,"column":44}}]},"1":{"loc":{"start":{"line":19,"column":4},"end":{"line":28,"column":5}},"type":"if","locations":[{"start":{"line":19,"column":4},"end":{"line":28,"column":5}},{"start":{},"end":{}}]},"2":{"loc":{"start":{"line":34,"column":6},"end":{"line":34,"column":69}},"type":"cond-expr","locations":[{"start":{"line":34,"column":23},"end":{"line":34,"column":62}},{"start":{"line":34,"column":65},"end":{"line":34,"column":69}}]},"3":{"loc":{"start":{"line":47,"column":4},"end":{"line":49,"column":5}},"type":"if","locations":[{"start":{"line":47,"column":4},"end":{"line":49,"column":5}},{"start":{},"end":{}}]},"4":{"loc":{"start":{"line":84,"column":23},"end":{"line":84,"column":73}},"type":"cond-expr","locations":[{"start":{"line":84,"column":40},"end":{"line":84,"column":60}},{"start":{"line":84,"column":63},"end":{"line":84,"column":73}}]}},"s":{"0":1,"1":1,"2":48,"3":48,"4":48,"5":4,"6":3,"7":3,"8":3,"9":48,"10":1,"11":1,"12":1,"13":48,"14":1,"15":1,"16":1,"17":48,"18":36,"19":1,"20":48,"21":7,"22":48,"23":35,"24":7,"25":1,"26":1},"f":{"0":48,"1":4,"2":1,"3":1,"4":1,"5":1,"6":36,"7":7,"8":35,"9":7,"10":1,"11":1},"b":{"0":[43],"1":[3,1],"2":[1,0],"3":[1,35],"4":[1,6]}}
}
