TN:
SF:src\components\TodoList.tsx
FN:13,TodoList
FN:18,(anonymous_1)
FN:32,(anonymous_2)
FN:33,(anonymous_3)
FN:41,(anonymous_4)
FN:42,(anonymous_5)
FN:46,(anonymous_6)
FN:53,(anonymous_7)
FN:64,(anonymous_8)
FN:80,(anonymous_9)
FN:90,(anonymous_10)
FN:97,(anonymous_11)
FNF:12
FNH:12
FNDA:48,TodoList
FNDA:4,(anonymous_1)
FNDA:1,(anonymous_2)
FNDA:1,(anonymous_3)
FNDA:1,(anonymous_4)
FNDA:1,(anonymous_5)
FNDA:36,(anonymous_6)
FNDA:7,(anonymous_7)
FNDA:35,(anonymous_8)
FNDA:7,(anonymous_9)
FNDA:1,(anonymous_10)
FNDA:1,(anonymous_11)
DA:1,1
DA:13,1
DA:14,48
DA:15,48
DA:18,48
DA:19,4
DA:20,3
DA:26,3
DA:27,3
DA:32,48
DA:33,1
DA:34,1
DA:37,1
DA:41,48
DA:42,1
DA:43,1
DA:46,48
DA:47,36
DA:48,1
DA:53,48
DA:55,48
DA:64,35
DA:81,7
DA:90,1
DA:97,1
LF:25
LH:25
BRDA:13,0,0,43
BRDA:19,1,0,3
BRDA:19,1,1,1
BRDA:34,2,0,1
BRDA:34,2,1,0
BRDA:47,3,0,1
BRDA:47,3,1,35
BRDA:84,4,0,1
BRDA:84,4,1,6
BRF:9
BRH:8
end_of_record
